<?xml version="1.0" encoding="UTF-8"?>
<!-- Generated by org.testng.reporters.JUnitXMLReporter -->
<testsuite hostname="CSULACS" name="Command line test" tests="7" failures="0" timestamp="13 Mar 2015 04:48:26 GMT" time="3.688" errors="0">
  <testcase name="addDepartment" time="0.068" classname="gefpmvc.model.dao.DepartmentDaoTest"/>
  <testcase name="addPlan" time="0.001" classname="gefpmvc.model.dao.PlanDaoTest"/>
  <testcase name="checkAllCheckpoint" time="0.296" classname="gefpmvc.model.dao.UserDaoTest"/>
  <testcase name="checkOneCheckpoint" time="0.011" classname="gefpmvc.model.dao.UserDaoTest"/>
  <testcase name="getUserByUsername" time="0.04" classname="gefpmvc.model.dao.UserDaoTest"/>
  <testcase name="getUser" time="0.009" classname="gefpmvc.modelTest.dao.UserDaoTest"/>
  <testcase name="getUsers" time="0.014" classname="gefpmvc.modelTest.dao.UserDaoTest"/>
</testsuite> <!-- Command line test -->
